<?xml version="1.0" encoding="UTF-8"?>
<!-- Generated by org.testng.reporters.JUnitReportReporter -->
<testsuite skipped="0" hostname="My-Windows" name="com.fb.qa.testcases.FindFriendsTest" tests="1" failures="0" timestamp="2019-04-26T12:24:20 EDT" time="26.391" errors="0">
  <testcase name="verifyContactsPageLabel" time="26.391" classname="com.fb.qa.testcases.FindFriendsTest"/>
</testsuite> <!-- com.fb.qa.testcases.FindFriendsTest -->
