<?xml version="1.0" encoding="UTF-8"?>
<!-- Generated by org.testng.reporters.JUnitReportReporter -->
<testsuite skipped="0" hostname="My-Windows" name="com.fb.qa.testcases.HomePageTest" tests="4" failures="0" timestamp="2019-04-19T14:02:04 EDT" time="100.379" errors="0">
  <testcase name="verifyHomePageTitleTest" time="20.351" classname="com.fb.qa.testcases.HomePageTest"/>
  <testcase name="verifyUserNameTest" time="21.622" classname="com.fb.qa.testcases.HomePageTest"/>
  <testcase name="verifyContactsLinkTest" time="29.854" classname="com.fb.qa.testcases.HomePageTest"/>
  <testcase name="verifyMarketListTest" time="28.552" classname="com.fb.qa.testcases.HomePageTest"/>
</testsuite> <!-- com.fb.qa.testcases.HomePageTest -->
