<?xml version="1.0" encoding="UTF-8"?>
<!-- Generated by org.testng.reporters.JUnitReportReporter -->
<testsuite skipped="0" hostname="My-Windows" name="com.fb.qa.testcases.FindFriendsTest" tests="1" failures="0" timestamp="2019-04-30T15:51:07 EDT" time="54.350" errors="0">
  <testcase name="verifyContactsPageLabel" time="54.350" classname="com.fb.qa.testcases.FindFriendsTest"/>
</testsuite> <!-- com.fb.qa.testcases.FindFriendsTest -->
