<?xml version="1.0" encoding="UTF-8"?>
<!-- Generated by org.testng.reporters.JUnitReportReporter -->
<testsuite skipped="0" hostname="My-Windows" name="com.fb.qa.testcases.HomePageTest" tests="4" failures="0" timestamp="2019-04-30T15:51:07 EDT" time="104.791" errors="0">
  <testcase name="verifyHomePageTitleTest" time="24.684" classname="com.fb.qa.testcases.HomePageTest"/>
  <testcase name="verifyUserNameTest" time="22.627" classname="com.fb.qa.testcases.HomePageTest"/>
  <testcase name="verifyContactsLinkTest" time="28.661" classname="com.fb.qa.testcases.HomePageTest"/>
  <testcase name="verifyMarketListTest" time="28.819" classname="com.fb.qa.testcases.HomePageTest"/>
</testsuite> <!-- com.fb.qa.testcases.HomePageTest -->
