<?xml version="1.0" encoding="UTF-8"?>
<!-- Generated by org.testng.reporters.JUnitReportReporter -->
<testsuite skipped="0" hostname="My-Windows" name="com.fb.qa.testcases.MarketTest" tests="3" failures="0" timestamp="2019-04-30T15:51:07 EDT" time="211.801" errors="0">
  <testcase name="verifyMarketPage" time="67.020" classname="com.fb.qa.testcases.MarketTest"/>
  <testcase name="verifyMarketPage" time="76.225" classname="com.fb.qa.testcases.MarketTest"/>
  <testcase name="verifyMarketPage" time="68.556" classname="com.fb.qa.testcases.MarketTest"/>
</testsuite> <!-- com.fb.qa.testcases.MarketTest -->
